0 info it worked if it ends with ok
1 verbose cli [ 'C:\\Program Files\\nodejs\\node.exe',
1 verbose cli   'C:\\Program Files\\nodejs\\node_modules\\npm\\bin\\npm-cli.js',
1 verbose cli   'install',
1 verbose cli   'Mesh',
1 verbose cli   '--save-dev' ]
2 info using npm@2.14.12
3 info using node@v4.2.4
4 verbose install initial load of C:\melitest\melitest\package.json
5 verbose installManyTop reading scoped package data from C:\melitest\melitest\node_modules\browser-sync\package.json
6 verbose installManyTop reading scoped package data from C:\melitest\melitest\node_modules\del\package.json
7 verbose installManyTop reading scoped package data from C:\melitest\melitest\node_modules\gulp\package.json
8 verbose installManyTop reading scoped package data from C:\melitest\melitest\node_modules\gulp-cssnano\package.json
9 verbose installManyTop reading scoped package data from C:\melitest\melitest\node_modules\gulp-if\package.json
10 verbose installManyTop reading scoped package data from C:\melitest\melitest\node_modules\gulp-sass\package.json
11 verbose installManyTop reading scoped package data from C:\melitest\melitest\node_modules\gulp-uglify\package.json
12 verbose installManyTop reading scoped package data from C:\melitest\melitest\node_modules\gulp-useref\package.json
13 verbose installManyTop reading scoped package data from C:\melitest\melitest\node_modules\run-sequence\package.json
14 verbose readDependencies loading dependencies from C:\melitest\melitest\package.json
15 silly cache add args [ 'Mesh', null ]
16 verbose cache add spec Mesh
17 silly cache add parsed spec Result {
17 silly cache add   raw: 'Mesh',
17 silly cache add   scope: null,
17 silly cache add   name: 'Mesh',
17 silly cache add   rawSpec: '',
17 silly cache add   spec: 'latest',
17 silly cache add   type: 'tag' }
18 silly addNamed Mesh@latest
19 verbose addNamed "latest" is being treated as a dist-tag for Mesh
20 info addNameTag [ 'Mesh', 'latest' ]
21 silly mapToRegistry name Mesh
22 silly mapToRegistry using default registry
23 silly mapToRegistry registry https://registry.npmjs.org/
24 silly mapToRegistry uri https://registry.npmjs.org/Mesh
25 verbose addNameTag registry:https://registry.npmjs.org/Mesh not in flight; fetching
26 verbose request uri https://registry.npmjs.org/Mesh
27 verbose request no auth needed
28 info attempt registry request try #1 at 01:17:30
29 verbose request id 43223964d47fdf28
30 http request GET https://registry.npmjs.org/Mesh
31 http 404 https://registry.npmjs.org/Mesh
32 verbose headers { 'content-type': 'application/json',
32 verbose headers   'cache-control': 'max-age=0',
32 verbose headers   'content-length': '2',
32 verbose headers   'accept-ranges': 'bytes',
32 verbose headers   date: 'Wed, 10 Feb 2016 04:17:31 GMT',
32 verbose headers   via: '1.1 varnish',
32 verbose headers   age: '0',
32 verbose headers   connection: 'keep-alive',
32 verbose headers   'x-served-by': 'cache-jfk1028-JFK',
32 verbose headers   'x-cache': 'MISS',
32 verbose headers   'x-cache-hits': '0',
32 verbose headers   'x-timer': 'S1455077851.884382,VS0,VE95' }
33 silly get cb [ 404,
33 silly get   { 'content-type': 'application/json',
33 silly get     'cache-control': 'max-age=0',
33 silly get     'content-length': '2',
33 silly get     'accept-ranges': 'bytes',
33 silly get     date: 'Wed, 10 Feb 2016 04:17:31 GMT',
33 silly get     via: '1.1 varnish',
33 silly get     age: '0',
33 silly get     connection: 'keep-alive',
33 silly get     'x-served-by': 'cache-jfk1028-JFK',
33 silly get     'x-cache': 'MISS',
33 silly get     'x-cache-hits': '0',
33 silly get     'x-timer': 'S1455077851.884382,VS0,VE95' } ]
34 verbose stack Error: Registry returned 404 for GET on https://registry.npmjs.org/Mesh
34 verbose stack     at makeError (C:\Program Files\nodejs\node_modules\npm\node_modules\npm-registry-client\lib\request.js:264:12)
34 verbose stack     at CachingRegistryClient.<anonymous> (C:\Program Files\nodejs\node_modules\npm\node_modules\npm-registry-client\lib\request.js:242:14)
34 verbose stack     at Request._callback (C:\Program Files\nodejs\node_modules\npm\node_modules\npm-registry-client\lib\request.js:172:14)
34 verbose stack     at Request.self.callback (C:\Program Files\nodejs\node_modules\npm\node_modules\request\request.js:198:22)
34 verbose stack     at emitTwo (events.js:87:13)
34 verbose stack     at Request.emit (events.js:172:7)
34 verbose stack     at Request.<anonymous> (C:\Program Files\nodejs\node_modules\npm\node_modules\request\request.js:1082:10)
34 verbose stack     at emitOne (events.js:82:20)
34 verbose stack     at Request.emit (events.js:169:7)
34 verbose stack     at IncomingMessage.<anonymous> (C:\Program Files\nodejs\node_modules\npm\node_modules\request\request.js:1009:12)
35 verbose statusCode 404
36 verbose pkgid Mesh
37 verbose cwd C:\melitest\melitest
38 error Windows_NT 10.0.10586
39 error argv "C:\\Program Files\\nodejs\\node.exe" "C:\\Program Files\\nodejs\\node_modules\\npm\\bin\\npm-cli.js" "install" "Mesh" "--save-dev"
40 error node v4.2.4
41 error npm  v2.14.12
42 error code E404
43 error 404 Registry returned 404 for GET on https://registry.npmjs.org/Mesh
43 error 404
43 error 404 'Mesh' is not in the npm registry.
43 error 404 Your package name is not valid, because
43 error 404
43 error 404  1. name can no longer contain capital letters
43 error 404 It was specified as a dependency of 'melitest'
43 error 404
43 error 404 Note that you can also install from a
43 error 404 tarball, folder, http url, or git url.
44 verbose exit [ 1, true ]
